Build started 12/22/2014 11:45:44 AM.
     1>Project "C:\Users\xwang\Documents\GitHub\DX11_tutorials_with_hieroglyph3\Hieroglyph3\Source\Hieroglyph3_Desktop.vcxproj" on node 2 (Build target(s)).
     1>ClCompile:
         C:\Program Files (x86)\Microsoft Visual Studio 12.0\VC\bin\CL.exe /c /IApplication /IMathematics /IScripting /IUtility /IEvents /IRendering /IGeometry /IIntersection /IObjects /IAnimation /IC:\Users\xwang\Documents\GitHub\DX11_tutorials_with_hieroglyph3\DirectXTK\Inc /ZI /nologo /W3 /WX- /Od /Oy- /D WIN32 /D _DEBUG /D _LIB /D _UNICODE /D UNICODE /Gm /EHsc /RTC1 /MDd /GS /fp:precise /Zc:wchar_t /Zc:forScope /Yc"pch.h" /Fp"Bin\Win32\Debug\Hieroglyph3_Desktop.pch" /Fo"Bin\Win32\Debug\\" /Fd"..\SDK\Library\Win32\Debug\Hieroglyph3_Desktop.pdb" /Gd /TP /analyze- /errorReport:prompt Utility\PCH.cpp
         PCH.cpp
         C:\Program Files (x86)\Microsoft Visual Studio 12.0\VC\bin\CL.exe /c /IApplication /IMathematics /IScripting /IUtility /IEvents /IRendering /IGeometry /IIntersection /IObjects /IAnimation /IC:\Users\xwang\Documents\GitHub\DX11_tutorials_with_hieroglyph3\DirectXTK\Inc /ZI /nologo /W3 /WX- /Od /Oy- /D WIN32 /D _DEBUG /D _LIB /D _UNICODE /D UNICODE /Gm /EHsc /RTC1 /MDd /GS /fp:precise /Zc:wchar_t /Zc:forScope /Yu"pch.h" /Fp"Bin\Win32\Debug\Hieroglyph3_Desktop.pch" /Fo"Bin\Win32\Debug\\" /Fd"..\SDK\Library\Win32\Debug\Hieroglyph3_Desktop.pdb" /Gd /TP /analyze- /errorReport:prompt Animation\Animation.cpp Application\Application.cpp Application\ConsoleWindow.cpp Application\FileLoader.cpp Application\FileSystem.cpp Application\main.cpp Application\RenderApplication.cpp Application\RenderWindow.cpp Application\SingleWindowGlyphlet.cpp Application\Win32RenderWindow.cpp Events\EventManager.cpp Events\EvtChar.cpp Events\EvtErrorMessage.cpp Events\EvtFrameStart.cpp Events\EvtInfoMessage.cpp Events\EvtKeyboardMsg.cpp Events\EvtKeyDown.cpp Events\EvtKeyUp.cpp Events\EvtMouseLButtonDown.cpp Events\EvtMouseLButtonUp.cpp Events\EvtMouseLeave.cpp Events\EvtMouseMButtonDown.cpp Events\EvtMouseMButtonUp.cpp Events\EvtMouseMove.cpp Events\EvtMouseMsg.cpp Events\EvtMouseRButtonDown.cpp Events\EvtMouseRButtonUp.cpp Events\EvtMouseWheel.cpp Events\EvtWindowMsg.cpp Events\EvtWindowResize.cpp Events\IEventListener.cpp Geometry\Box3f.cpp Geometry\CompositeShape.cpp Geometry\Cone3f.cpp Geometry\Frustum3f.cpp Geometry\LineIndices.cpp Geometry\Plane3f.cpp Geometry\PointIndices.cpp Geometry\Ray3f.cpp Geometry\Shape3D.cpp Geometry\Sphere3f.cpp Geometry\Triangle3f.cpp Geometry\TriangleIndices.cpp Intersection\Intersector.cpp Intersection\IntrRay3fBox3f.cpp Intersection\IntrRay3fSphere3f.cpp Mathematics\Matrix3f.cpp Mathematics\Matrix4f.cpp Mathematics\PerlinNoise.cpp Mathematics\Vector2f.cpp Mathematics\Vector3f.cpp Mathematics\Vector4f.cpp Objects\Actor.cpp Objects\ActorGenerator.cpp Objects\BoundsVisualizerActor.cpp Objects\Camera.cpp Objects\ConsoleActor.cpp Objects\Entity3D.cpp Objects\FirstPersonCamera.cpp Objects\FullscreenActor.cpp Objects\GeometryActor.cpp Objects\GlyphletActor.cpp Objects\Light.cpp Objects\Node3D.cpp Objects\ObjectSpaceCameraPositionWriter.cpp Objects\PickRecord.cpp Objects\PointLight.cpp Objects\Scene.cpp Objects\SceneGraph.cpp Objects\SkinnedActor.cpp Objects\SkyboxActor.cpp Objects\TextActor.cpp Objects\TextureActor.cpp Objects\TextureSpaceCameraPositionWriter.cpp Objects\TextureSpaceLightPositionWriter.cpp Objects\Transform3D.cpp Objects\VolumeActor.cpp Rendering\BasicVertexDX11.cpp Rendering\BlendStateConfigDX11.cpp Rendering\BufferConfigDX11.cpp Rendering\BufferDX11.cpp Rendering\ByteAddressBufferDX11.cpp Rendering\CommandListDX11.cpp Rendering\ComputeShaderDX11.cpp Rendering\ComputeStageDX11.cpp Rendering\ConstantBufferDX11.cpp Rendering\ConstantBufferParameterDX11.cpp Rendering\ConstantBufferParameterWriterDX11.cpp Rendering\D3DEnumConversion.cpp Rendering\DepthStencilStateConfigDX11.cpp Rendering\DepthStencilViewConfigDX11.cpp Rendering\DepthStencilViewDX11.cpp Rendering\DomainShaderDX11.cpp Rendering\DomainStageDX11.cpp Rendering\DXGIAdapter.cpp Rendering\DXGIOutput.cpp Rendering\GeometryDX11.cpp Rendering\GeometryGeneratorDX11.cpp Rendering\GeometryLoaderDX11.cpp Rendering\GeometryShaderDX11.cpp Rendering\GeometryStageDX11.cpp Rendering\HullShaderDX11.cpp Rendering\HullStageDX11.cpp Rendering\IndexBufferDX11.cpp Rendering\IndirectArgsBufferDX11.cpp Rendering\InputAssemblerStageDX11.cpp Rendering\InputAssemblerStateDX11.cpp Rendering\MaterialDX11.cpp Rendering\MaterialGeneratorDX11.cpp Rendering\MaterialManager.cpp Rendering\MaterialTemplate.cpp Rendering\MatrixArrayParameterDX11.cpp Rendering\MatrixArrayParameterWriterDX11.cpp Rendering\MatrixParameterDX11.cpp Rendering\MatrixParameterWriterDX11.cpp Rendering\MultiExecutorDX11.cpp Rendering\OutputMergerStageDX11.cpp Rendering\OutputMergerStageStateDX11.cpp Rendering\ParameterContainer.cpp Rendering\ParameterManagerDX11.cpp Rendering\ParameterWriter.cpp Rendering\PipelineExecutorDX11.cpp Rendering\PipelineManagerDX11.cpp Rendering\PixelShaderDX11.cpp Rendering\PixelStageDX11.cpp Rendering\RasterizerStageDX11.cpp Rendering\RasterizerStageStateDX11.cpp Rendering\RasterizerStateConfigDX11.cpp Rendering\Renderable.cpp Rendering\RenderEffectDX11.cpp Rendering\RendererDX11.cpp Rendering\RenderParameterDX11.cpp Rendering\RenderTargetViewConfigDX11.cpp Rendering\RenderTargetViewDX11.cpp Rendering\ResourceDX11.cpp Rendering\ResourceProxyDX11.cpp Rendering\SamplerParameterDX11.cpp Rendering\SamplerParameterWriterDX11.cpp Rendering\SamplerStateConfigDX11.cpp Rendering\SceneRenderTask.cpp Rendering\ShaderDX11.cpp Rendering\ShaderFactoryDX11.cpp Rendering\ShaderReflectionDX11.cpp Rendering\ShaderReflectionFactoryDX11.cpp Rendering\ShaderResourceParameterDX11.cpp Rendering\ShaderResourceParameterWriterDX11.cpp Rendering\ShaderResourceViewConfigDX11.cpp Rendering\ShaderResourceViewDX11.cpp Rendering\ShaderStageDX11.cpp Rendering\ShaderStageStateDX11.cpp Rendering\SpriteFontDX11.cpp Rendering\SpriteFontLoaderDX11.cpp Rendering\SpriteRendererDX11.cpp Rendering\SpriteVertexDX11.cpp Rendering\StreamOutputStageDX11.cpp Rendering\StreamOutputStageStateDX11.cpp Rendering\StructuredBufferDX11.cpp Rendering\SwapChainConfigDX11.cpp Rendering\SwapChainDX11.cpp Rendering\Task.cpp Rendering\Texture1dConfigDX11.cpp Rendering\Texture1dDX11.cpp Rendering\Texture2dConfigDX11.cpp Rendering\Texture2dDX11.cpp Rendering\Texture3dConfigDX11.cpp Rendering\Texture3dDX11.cpp Rendering\TexturedVertex.cpp Rendering\UnorderedAccessParameterDX11.cpp Rendering\UnorderedAccessParameterWriterDX11.cpp Rendering\UnorderedAccessViewConfigDX11.cpp Rendering\UnorderedAccessViewDX11.cpp Rendering\VectorParameterDX11.cpp Rendering\VectorParameterWriterDX11.cpp Rendering\VertexBufferDX11.cpp Rendering\VertexElementDX11.cpp Rendering\VertexShaderDX11.cpp Rendering\VertexStageDX11.cpp Rendering\ViewAmbientOcclusion.cpp Rendering\ViewDepthNormal.cpp Rendering\ViewOcclusion.cpp Rendering\ViewPerspective.cpp Rendering\ViewPortDX11.cpp Rendering\ViewTextOverlay.cpp Rendering\VisualizerVertexDX11.cpp Rendering\VolumeTextureVertexDX11.cpp Scripting\Console.cpp Scripting\LuaApp.cpp Scripting\LuaGeometryActor.cpp Scripting\LuaScene.cpp Scripting\LuaTextActor.cpp Scripting\ScriptIntfActor.cpp Scripting\ScriptIntfApp.cpp Scripting\ScriptManager.cpp Utility\GlyphString.cpp Utility\Log.cpp Utility\Timer.cpp
         Timer.cpp
         Log.cpp
         GlyphString.cpp
         ScriptManager.cpp
         ScriptIntfApp.cpp
         ScriptIntfActor.cpp
         LuaTextActor.cpp
     1>c:\users\xwang\documents\github\dx11_tutorials_with_hieroglyph3\hieroglyph3\source\scripting\luatextactor.cpp(153): warning C4800: 'int' : forcing value to bool 'true' or 'false' (performance warning)
         LuaScene.cpp
         LuaGeometryActor.cpp
         LuaApp.cpp
         Console.cpp
         VolumeTextureVertexDX11.cpp
         VisualizerVertexDX11.cpp
         ViewTextOverlay.cpp
         ViewPortDX11.cpp
         ViewPerspective.cpp
         ViewOcclusion.cpp
         ViewDepthNormal.cpp
         ViewAmbientOcclusion.cpp
         VertexStageDX11.cpp
         Generating Code...
         Compiling...
         VertexShaderDX11.cpp
         VertexElementDX11.cpp
         VertexBufferDX11.cpp
         VectorParameterWriterDX11.cpp
         VectorParameterDX11.cpp
         UnorderedAccessViewDX11.cpp
         UnorderedAccessViewConfigDX11.cpp
         UnorderedAccessParameterWriterDX11.cpp
         UnorderedAccessParameterDX11.cpp
         TexturedVertex.cpp
         Texture3dDX11.cpp
         Texture3dConfigDX11.cpp
         Texture2dDX11.cpp
         Texture2dConfigDX11.cpp
         Texture1dDX11.cpp
         Texture1dConfigDX11.cpp
         Task.cpp
         SwapChainDX11.cpp
         SwapChainConfigDX11.cpp
         StructuredBufferDX11.cpp
         Generating Code...
         Compiling...
         StreamOutputStageStateDX11.cpp
         StreamOutputStageDX11.cpp
         SpriteVertexDX11.cpp
         SpriteRendererDX11.cpp
         SpriteFontLoaderDX11.cpp
         SpriteFontDX11.cpp
         ShaderStageStateDX11.cpp
         ShaderStageDX11.cpp
         ShaderResourceViewDX11.cpp
         ShaderResourceViewConfigDX11.cpp
         ShaderResourceParameterWriterDX11.cpp
         ShaderResourceParameterDX11.cpp
         ShaderReflectionFactoryDX11.cpp
         ShaderReflectionDX11.cpp
         ShaderFactoryDX11.cpp
         ShaderDX11.cpp
         SceneRenderTask.cpp
     1>c:\users\xwang\documents\github\dx11_tutorials_with_hieroglyph3\hieroglyph3\source\rendering\scenerendertask.cpp(32): warning C4351: new behavior: elements of array 'Glyph3::SceneRenderTask::m_iViewports' will be default initialized
         SamplerStateConfigDX11.cpp
         SamplerParameterWriterDX11.cpp
         SamplerParameterDX11.cpp
         Generating Code...
         Compiling...
         ResourceProxyDX11.cpp
         ResourceDX11.cpp
         RenderTargetViewDX11.cpp
         RenderTargetViewConfigDX11.cpp
         RenderParameterDX11.cpp
         RendererDX11.cpp
     1>c:\users\xwang\documents\github\dx11_tutorials_with_hieroglyph3\hieroglyph3\source\rendering\rendererdx11.cpp(1859): warning C4018: '<' : signed/unsigned mismatch
     1>c:\users\xwang\documents\github\dx11_tutorials_with_hieroglyph3\hieroglyph3\source\rendering\rendererdx11.cpp(1867): warning C4018: '<' : signed/unsigned mismatch
     1>c:\users\xwang\documents\github\dx11_tutorials_with_hieroglyph3\hieroglyph3\source\rendering\rendererdx11.cpp(1875): warning C4018: '<' : signed/unsigned mismatch
     1>c:\users\xwang\documents\github\dx11_tutorials_with_hieroglyph3\hieroglyph3\source\rendering\rendererdx11.cpp(1883): warning C4018: '<' : signed/unsigned mismatch
         RenderEffectDX11.cpp
         Renderable.cpp
         RasterizerStateConfigDX11.cpp
         RasterizerStageStateDX11.cpp
         RasterizerStageDX11.cpp
         PixelStageDX11.cpp
         PixelShaderDX11.cpp
         PipelineManagerDX11.cpp
         PipelineExecutorDX11.cpp
         ParameterWriter.cpp
         ParameterManagerDX11.cpp
         ParameterContainer.cpp
         OutputMergerStageStateDX11.cpp
         OutputMergerStageDX11.cpp
         Generating Code...
         Compiling...
         MultiExecutorDX11.cpp
         MatrixParameterWriterDX11.cpp
         MatrixParameterDX11.cpp
         MatrixArrayParameterWriterDX11.cpp
         MatrixArrayParameterDX11.cpp
         MaterialTemplate.cpp
         MaterialManager.cpp
         MaterialGeneratorDX11.cpp
         MaterialDX11.cpp
         InputAssemblerStateDX11.cpp
         InputAssemblerStageDX11.cpp
         IndirectArgsBufferDX11.cpp
         IndexBufferDX11.cpp
         HullStageDX11.cpp
         HullShaderDX11.cpp
         GeometryStageDX11.cpp
         GeometryShaderDX11.cpp
         GeometryLoaderDX11.cpp
         GeometryGeneratorDX11.cpp
         GeometryDX11.cpp
         Generating Code...
         Compiling...
         DXGIOutput.cpp
         DXGIAdapter.cpp
         DomainStageDX11.cpp
         DomainShaderDX11.cpp
         DepthStencilViewDX11.cpp
         DepthStencilViewConfigDX11.cpp
         DepthStencilStateConfigDX11.cpp
         D3DEnumConversion.cpp
         ConstantBufferParameterWriterDX11.cpp
         ConstantBufferParameterDX11.cpp
         ConstantBufferDX11.cpp
         ComputeStageDX11.cpp
         ComputeShaderDX11.cpp
         CommandListDX11.cpp
         ByteAddressBufferDX11.cpp
         BufferDX11.cpp
         BufferConfigDX11.cpp
         BlendStateConfigDX11.cpp
         BasicVertexDX11.cpp
         VolumeActor.cpp
         Generating Code...
         Compiling...
         Transform3D.cpp
         TextureSpaceLightPositionWriter.cpp
         TextureSpaceCameraPositionWriter.cpp
         TextureActor.cpp
         TextActor.cpp
         SkyboxActor.cpp
         SkinnedActor.cpp
         SceneGraph.cpp
         Scene.cpp
         PointLight.cpp
         PickRecord.cpp
         ObjectSpaceCameraPositionWriter.cpp
         Node3D.cpp
         Light.cpp
         GlyphletActor.cpp
         GeometryActor.cpp
         FullscreenActor.cpp
         FirstPersonCamera.cpp
         Entity3D.cpp
         ConsoleActor.cpp
         Generating Code...
         Compiling...
         Camera.cpp
         BoundsVisualizerActor.cpp
         ActorGenerator.cpp
         Actor.cpp
         Vector4f.cpp
         Vector3f.cpp
         Vector2f.cpp
         PerlinNoise.cpp
         Matrix4f.cpp
         Matrix3f.cpp
         IntrRay3fSphere3f.cpp
         IntrRay3fBox3f.cpp
         Intersector.cpp
         TriangleIndices.cpp
         Triangle3f.cpp
         Sphere3f.cpp
         Shape3D.cpp
         Ray3f.cpp
         PointIndices.cpp
         Plane3f.cpp
         Generating Code...
         Compiling...
         LineIndices.cpp
         Frustum3f.cpp
         Cone3f.cpp
         CompositeShape.cpp
         Box3f.cpp
         IEventListener.cpp
         EvtWindowResize.cpp
         EvtWindowMsg.cpp
         EvtMouseWheel.cpp
         EvtMouseRButtonUp.cpp
         EvtMouseRButtonDown.cpp
         EvtMouseMsg.cpp
         EvtMouseMove.cpp
         EvtMouseMButtonUp.cpp
         EvtMouseMButtonDown.cpp
         EvtMouseLeave.cpp
         EvtMouseLButtonUp.cpp
         EvtMouseLButtonDown.cpp
         EvtKeyUp.cpp
         EvtKeyDown.cpp
         Generating Code...
         Compiling...
         EvtKeyboardMsg.cpp
         EvtInfoMessage.cpp
         EvtFrameStart.cpp
         EvtErrorMessage.cpp
         EvtChar.cpp
         EventManager.cpp
         Win32RenderWindow.cpp
         SingleWindowGlyphlet.cpp
         RenderWindow.cpp
         RenderApplication.cpp
         main.cpp
         FileSystem.cpp
     1>c:\users\xwang\documents\github\dx11_tutorials_with_hieroglyph3\hieroglyph3\source\application\filesystem.cpp(38): warning C4996: 'GetVersionExW': was declared deprecated
                 c:\program files (x86)\windows kits\8.1\include\um\sysinfoapi.h(442) : see declaration of 'GetVersionExW'
     1>c:\users\xwang\documents\github\dx11_tutorials_with_hieroglyph3\hieroglyph3\source\application\filesystem.cpp(54): warning C4996: 'GetVersionExW': was declared deprecated
                 c:\program files (x86)\windows kits\8.1\include\um\sysinfoapi.h(442) : see declaration of 'GetVersionExW'
         FileLoader.cpp
         ConsoleWindow.cpp
         Application.cpp
         Animation.cpp
         Generating Code...
       Lib:
         C:\Program Files (x86)\Microsoft Visual Studio 12.0\VC\bin\Lib.exe /OUT:"..\SDK\Library\Win32\Debug\Hieroglyph3_Desktop.lib" lualib.lib /LIBPATH:"C:\Users\xwang\Documents\GitHub\DX11_tutorials_with_hieroglyph3\Hieroglyph3\Dependencies\Lua-5.1.4\LuaLib\Bin\Win32\Debug\\" /NOLOGO Bin\Win32\Debug\Animation.obj
         Bin\Win32\Debug\Application.obj
         Bin\Win32\Debug\ConsoleWindow.obj
         Bin\Win32\Debug\FileLoader.obj
         Bin\Win32\Debug\FileSystem.obj
         Bin\Win32\Debug\main.obj
         Bin\Win32\Debug\RenderApplication.obj
         Bin\Win32\Debug\RenderWindow.obj
         Bin\Win32\Debug\SingleWindowGlyphlet.obj
         Bin\Win32\Debug\Win32RenderWindow.obj
         Bin\Win32\Debug\EventManager.obj
         Bin\Win32\Debug\EvtChar.obj
         Bin\Win32\Debug\EvtErrorMessage.obj
         Bin\Win32\Debug\EvtFrameStart.obj
         Bin\Win32\Debug\EvtInfoMessage.obj
         Bin\Win32\Debug\EvtKeyboardMsg.obj
         Bin\Win32\Debug\EvtKeyDown.obj
         Bin\Win32\Debug\EvtKeyUp.obj
         Bin\Win32\Debug\EvtMouseLButtonDown.obj
         Bin\Win32\Debug\EvtMouseLButtonUp.obj
         Bin\Win32\Debug\EvtMouseLeave.obj
         Bin\Win32\Debug\EvtMouseMButtonDown.obj
         Bin\Win32\Debug\EvtMouseMButtonUp.obj
         Bin\Win32\Debug\EvtMouseMove.obj
         Bin\Win32\Debug\EvtMouseMsg.obj
         Bin\Win32\Debug\EvtMouseRButtonDown.obj
         Bin\Win32\Debug\EvtMouseRButtonUp.obj
         Bin\Win32\Debug\EvtMouseWheel.obj
         Bin\Win32\Debug\EvtWindowMsg.obj
         Bin\Win32\Debug\EvtWindowResize.obj
         Bin\Win32\Debug\IEventListener.obj
         Bin\Win32\Debug\Box3f.obj
         Bin\Win32\Debug\CompositeShape.obj
         Bin\Win32\Debug\Cone3f.obj
         Bin\Win32\Debug\Frustum3f.obj
         Bin\Win32\Debug\LineIndices.obj
         Bin\Win32\Debug\Plane3f.obj
         Bin\Win32\Debug\PointIndices.obj
         Bin\Win32\Debug\Ray3f.obj
         Bin\Win32\Debug\Shape3D.obj
         Bin\Win32\Debug\Sphere3f.obj
         Bin\Win32\Debug\Triangle3f.obj
         Bin\Win32\Debug\TriangleIndices.obj
         Bin\Win32\Debug\Intersector.obj
         Bin\Win32\Debug\IntrRay3fBox3f.obj
         Bin\Win32\Debug\IntrRay3fSphere3f.obj
         Bin\Win32\Debug\Matrix3f.obj
         Bin\Win32\Debug\Matrix4f.obj
         Bin\Win32\Debug\PerlinNoise.obj
         Bin\Win32\Debug\Vector2f.obj
         Bin\Win32\Debug\Vector3f.obj
         Bin\Win32\Debug\Vector4f.obj
         Bin\Win32\Debug\Actor.obj
         Bin\Win32\Debug\ActorGenerator.obj
         Bin\Win32\Debug\BoundsVisualizerActor.obj
         Bin\Win32\Debug\Camera.obj
         Bin\Win32\Debug\ConsoleActor.obj
         Bin\Win32\Debug\Entity3D.obj
         Bin\Win32\Debug\FirstPersonCamera.obj
         Bin\Win32\Debug\FullscreenActor.obj
         Bin\Win32\Debug\GeometryActor.obj
         Bin\Win32\Debug\GlyphletActor.obj
         Bin\Win32\Debug\Light.obj
         Bin\Win32\Debug\Node3D.obj
         Bin\Win32\Debug\ObjectSpaceCameraPositionWriter.obj
         Bin\Win32\Debug\PickRecord.obj
         Bin\Win32\Debug\PointLight.obj
         Bin\Win32\Debug\Scene.obj
         Bin\Win32\Debug\SceneGraph.obj
         Bin\Win32\Debug\SkinnedActor.obj
         Bin\Win32\Debug\SkyboxActor.obj
         Bin\Win32\Debug\TextActor.obj
         Bin\Win32\Debug\TextureActor.obj
         Bin\Win32\Debug\TextureSpaceCameraPositionWriter.obj
         Bin\Win32\Debug\TextureSpaceLightPositionWriter.obj
         Bin\Win32\Debug\Transform3D.obj
         Bin\Win32\Debug\VolumeActor.obj
         Bin\Win32\Debug\BasicVertexDX11.obj
         Bin\Win32\Debug\BlendStateConfigDX11.obj
         Bin\Win32\Debug\BufferConfigDX11.obj
         Bin\Win32\Debug\BufferDX11.obj
         Bin\Win32\Debug\ByteAddressBufferDX11.obj
         Bin\Win32\Debug\CommandListDX11.obj
         Bin\Win32\Debug\ComputeShaderDX11.obj
         Bin\Win32\Debug\ComputeStageDX11.obj
         Bin\Win32\Debug\ConstantBufferDX11.obj
         Bin\Win32\Debug\ConstantBufferParameterDX11.obj
         Bin\Win32\Debug\ConstantBufferParameterWriterDX11.obj
         Bin\Win32\Debug\D3DEnumConversion.obj
         Bin\Win32\Debug\DepthStencilStateConfigDX11.obj
         Bin\Win32\Debug\DepthStencilViewConfigDX11.obj
         Bin\Win32\Debug\DepthStencilViewDX11.obj
         Bin\Win32\Debug\DomainShaderDX11.obj
         Bin\Win32\Debug\DomainStageDX11.obj
         Bin\Win32\Debug\DXGIAdapter.obj
         Bin\Win32\Debug\DXGIOutput.obj
         Bin\Win32\Debug\GeometryDX11.obj
         Bin\Win32\Debug\GeometryGeneratorDX11.obj
         Bin\Win32\Debug\GeometryLoaderDX11.obj
         Bin\Win32\Debug\GeometryShaderDX11.obj
         Bin\Win32\Debug\GeometryStageDX11.obj
         Bin\Win32\Debug\HullShaderDX11.obj
         Bin\Win32\Debug\HullStageDX11.obj
         Bin\Win32\Debug\IndexBufferDX11.obj
         Bin\Win32\Debug\IndirectArgsBufferDX11.obj
         Bin\Win32\Debug\InputAssemblerStageDX11.obj
         Bin\Win32\Debug\InputAssemblerStateDX11.obj
         Bin\Win32\Debug\MaterialDX11.obj
         Bin\Win32\Debug\MaterialGeneratorDX11.obj
         Bin\Win32\Debug\MaterialManager.obj
         Bin\Win32\Debug\MaterialTemplate.obj
         Bin\Win32\Debug\MatrixArrayParameterDX11.obj
         Bin\Win32\Debug\MatrixArrayParameterWriterDX11.obj
         Bin\Win32\Debug\MatrixParameterDX11.obj
         Bin\Win32\Debug\MatrixParameterWriterDX11.obj
         Bin\Win32\Debug\MultiExecutorDX11.obj
         Bin\Win32\Debug\OutputMergerStageDX11.obj
         Bin\Win32\Debug\OutputMergerStageStateDX11.obj
         Bin\Win32\Debug\ParameterContainer.obj
         Bin\Win32\Debug\ParameterManagerDX11.obj
         Bin\Win32\Debug\ParameterWriter.obj
         Bin\Win32\Debug\PipelineExecutorDX11.obj
         Bin\Win32\Debug\PipelineManagerDX11.obj
         Bin\Win32\Debug\PixelShaderDX11.obj
         Bin\Win32\Debug\PixelStageDX11.obj
         Bin\Win32\Debug\RasterizerStageDX11.obj
         Bin\Win32\Debug\RasterizerStageStateDX11.obj
         Bin\Win32\Debug\RasterizerStateConfigDX11.obj
         Bin\Win32\Debug\Renderable.obj
         Bin\Win32\Debug\RenderEffectDX11.obj
         Bin\Win32\Debug\RendererDX11.obj
         Bin\Win32\Debug\RenderParameterDX11.obj
         Bin\Win32\Debug\RenderTargetViewConfigDX11.obj
         Bin\Win32\Debug\RenderTargetViewDX11.obj
         Bin\Win32\Debug\ResourceDX11.obj
         Bin\Win32\Debug\ResourceProxyDX11.obj
         Bin\Win32\Debug\SamplerParameterDX11.obj
         Bin\Win32\Debug\SamplerParameterWriterDX11.obj
         Bin\Win32\Debug\SamplerStateConfigDX11.obj
         Bin\Win32\Debug\SceneRenderTask.obj
         Bin\Win32\Debug\ShaderDX11.obj
         Bin\Win32\Debug\ShaderFactoryDX11.obj
         Bin\Win32\Debug\ShaderReflectionDX11.obj
         Bin\Win32\Debug\ShaderReflectionFactoryDX11.obj
         Bin\Win32\Debug\ShaderResourceParameterDX11.obj
         Bin\Win32\Debug\ShaderResourceParameterWriterDX11.obj
         Bin\Win32\Debug\ShaderResourceViewConfigDX11.obj
         Bin\Win32\Debug\ShaderResourceViewDX11.obj
         Bin\Win32\Debug\ShaderStageDX11.obj
         Bin\Win32\Debug\ShaderStageStateDX11.obj
         Bin\Win32\Debug\SpriteFontDX11.obj
         Bin\Win32\Debug\SpriteFontLoaderDX11.obj
         Bin\Win32\Debug\SpriteRendererDX11.obj
         Bin\Win32\Debug\SpriteVertexDX11.obj
         Bin\Win32\Debug\StreamOutputStageDX11.obj
         Bin\Win32\Debug\StreamOutputStageStateDX11.obj
         Bin\Win32\Debug\StructuredBufferDX11.obj
         Bin\Win32\Debug\SwapChainConfigDX11.obj
         Bin\Win32\Debug\SwapChainDX11.obj
         Bin\Win32\Debug\Task.obj
         Bin\Win32\Debug\Texture1dConfigDX11.obj
         Bin\Win32\Debug\Texture1dDX11.obj
         Bin\Win32\Debug\Texture2dConfigDX11.obj
         Bin\Win32\Debug\Texture2dDX11.obj
         Bin\Win32\Debug\Texture3dConfigDX11.obj
         Bin\Win32\Debug\Texture3dDX11.obj
         Bin\Win32\Debug\TexturedVertex.obj
         Bin\Win32\Debug\UnorderedAccessParameterDX11.obj
         Bin\Win32\Debug\UnorderedAccessParameterWriterDX11.obj
         Bin\Win32\Debug\UnorderedAccessViewConfigDX11.obj
         Bin\Win32\Debug\UnorderedAccessViewDX11.obj
         Bin\Win32\Debug\VectorParameterDX11.obj
         Bin\Win32\Debug\VectorParameterWriterDX11.obj
         Bin\Win32\Debug\VertexBufferDX11.obj
         Bin\Win32\Debug\VertexElementDX11.obj
         Bin\Win32\Debug\VertexShaderDX11.obj
         Bin\Win32\Debug\VertexStageDX11.obj
         Bin\Win32\Debug\ViewAmbientOcclusion.obj
         Bin\Win32\Debug\ViewDepthNormal.obj
         Bin\Win32\Debug\ViewOcclusion.obj
         Bin\Win32\Debug\ViewPerspective.obj
         Bin\Win32\Debug\ViewPortDX11.obj
         Bin\Win32\Debug\ViewTextOverlay.obj
         Bin\Win32\Debug\VisualizerVertexDX11.obj
         Bin\Win32\Debug\VolumeTextureVertexDX11.obj
         Bin\Win32\Debug\Console.obj
         Bin\Win32\Debug\LuaApp.obj
         Bin\Win32\Debug\LuaGeometryActor.obj
         Bin\Win32\Debug\LuaScene.obj
         Bin\Win32\Debug\LuaTextActor.obj
         Bin\Win32\Debug\ScriptIntfActor.obj
         Bin\Win32\Debug\ScriptIntfApp.obj
         Bin\Win32\Debug\ScriptManager.obj
         Bin\Win32\Debug\GlyphString.obj
         Bin\Win32\Debug\Log.obj
         Bin\Win32\Debug\PCH.obj
         Bin\Win32\Debug\Timer.obj
         Hieroglyph3_Desktop.vcxproj -> C:\Users\xwang\Documents\GitHub\DX11_tutorials_with_hieroglyph3\Hieroglyph3\Source\..\SDK\Library\Win32\Debug\Hieroglyph3_Desktop.lib
       PostBuildEvent:
         copy Application\*.h ..\SDK\Include
         copy Events\*.h ..\SDK\Include
         copy Mathematics\*.h ..\SDK\Include
         copy Mathematics\*.inl ..\SDK\Include
         copy Scripting\*.h ..\SDK\Include
         copy Utility\*.h ..\SDK\Include
         copy Utility\*.inl ..\SDK\Include
         copy Rendering\*.h ..\SDK\Include
         copy Rendering\*.inl ..\SDK\Include
         copy Geometry\*.h ..\SDK\Include
         copy Intersection\*.h ..\SDK\Include
         copy Objects\*.h ..\SDK\Include
         copy Objects\*.inl ..\SDK\Include
         copy Animation\*.h ..\SDK\Include
         copy Animation\*.inl ..\SDK\Include
         if "Win32" == "Win32" (
             echo "Hieroglyph3: Copying x86 version of D3DCompile*.dll to output bin folder."
             copy “C:\Program Files (x86)\Windows Kits\8.1\redist\d3d\x86\D3DCompile*.DLL” “C:\Users\xwang\Documents\GitHub\DX11_tutorials_with_hieroglyph3\\Tutorials\bin”
         ) else (
             echo "Hieroglyph3: Copying x64 version of D3DCompile*.dll to output bin folder."
             copy “C:\Program Files (x86)\Windows Kits\8.1\redist\d3d\x64\D3DCompile*.DLL” “C:\Users\xwang\Documents\GitHub\DX11_tutorials_with_hieroglyph3\\Tutorials\Bin”
         )
         :VCEnd
         Application\Application.h
         Application\ConsoleWindow.h
         Application\FileLoader.h
         Application\FileSystem.h
         Application\Glyphlet.h
         Application\IWindowProc.h
         Application\RenderApplication.h
         Application\RenderWindow.h
         Application\SingleWindowGlyphlet.h
         Application\Win32RenderWindow.h
                10 file(s) copied.
         Events\EventManager.h
         Events\EvtChar.h
         Events\EvtErrorMessage.h
         Events\EvtFrameStart.h
         Events\EvtInfoMessage.h
         Events\EvtKeyboardMsg.h
         Events\EvtKeyDown.h
         Events\EvtKeyUp.h
         Events\EvtMouseLButtonDown.h
         Events\EvtMouseLButtonUp.h
         Events\EvtMouseLeave.h
         Events\EvtMouseMButtonDown.h
         Events\EvtMouseMButtonUp.h
         Events\EvtMouseMove.h
         Events\EvtMouseMsg.h
         Events\EvtMouseRButtonDown.h
         Events\EvtMouseRButtonUp.h
         Events\EvtMouseWheel.h
         Events\EvtWindowMsg.h
         Events\EvtWindowResize.h
         Events\IEvent.h
         Events\IEventListener.h
                22 file(s) copied.
         Mathematics\Matrix3f.h
         Mathematics\Matrix4f.h
         Mathematics\PerlinNoise.h
         Mathematics\Quaternion.h
         Mathematics\Tween.h
         Mathematics\Vector2f.h
         Mathematics\Vector3f.h
         Mathematics\Vector4f.h
                 8 file(s) copied.
         Mathematics\Quaternion.inl
         Mathematics\Tween.inl
                 2 file(s) copied.
         Scripting\Console.h
         Scripting\IScriptInterface.h
         Scripting\lauxlib.h
         Scripting\lua.h
         Scripting\LuaApp.h
         Scripting\luaconf.h
         Scripting\LuaGeometryActor.h
         Scripting\lualib.h
         Scripting\LuaScene.h
         Scripting\LuaTextActor.h
         Scripting\ScriptIntfActor.h
         Scripting\ScriptIntfApp.h
         Scripting\ScriptManager.h
                13 file(s) copied.
         Utility\GlyphString.h
         Utility\Log.h
         Utility\PCH.h
         Utility\TConfiguration.h
         Utility\Timer.h
                 5 file(s) copied.
         Utility\TConfiguration.inl
                 1 file(s) copied.
         Rendering\AttributeEvaluator2f.h
         Rendering\BasicVertexDX11.h
         Rendering\BlendStateConfigDX11.h
         Rendering\BufferConfigDX11.h
         Rendering\BufferDX11.h
         Rendering\ByteAddressBufferDX11.h
         Rendering\CommandListDX11.h
         Rendering\ComputeShaderDX11.h
         Rendering\ComputeStageDX11.h
         Rendering\ConeAttributes.h
         Rendering\ConstantBufferDX11.h
         Rendering\ConstantBufferParameterDX11.h
         Rendering\ConstantBufferParameterWriterDX11.h
         Rendering\D3DEnumConversion.h
         Rendering\DepthStencilStateConfigDX11.h
         Rendering\DepthStencilViewConfigDX11.h
         Rendering\DepthStencilViewDX11.h
         Rendering\DomainShaderDX11.h
         Rendering\DomainStageDX11.h
         Rendering\DrawExecutorDX11.h
         Rendering\DrawIndexedExecutorDX11.h
         Rendering\DrawIndexedInstancedExecutorDX11.h
         Rendering\DXGIAdapter.h
         Rendering\DXGIOutput.h
         Rendering\EntityParameterDX11.h
         Rendering\EntityRenderParams.h
         Rendering\GeometryDX11.h
         Rendering\GeometryGeneratorDX11.h
         Rendering\GeometryLoaderDX11.h
         Rendering\GeometryShaderDX11.h
         Rendering\GeometryStageDX11.h
         Rendering\GridTessellator2f.h
         Rendering\HullShaderDX11.h
         Rendering\HullStageDX11.h
         Rendering\IndexBufferDX11.h
         Rendering\IndirectArgsBufferDX11.h
         Rendering\InputAssemblerStageDX11.h
         Rendering\InputAssemblerStateDX11.h
         Rendering\IParameterManager.h
         Rendering\IRenderer.h
         Rendering\MaterialDX11.h
         Rendering\MaterialGeneratorDX11.h
         Rendering\MaterialManager.h
         Rendering\MaterialTemplate.h
         Rendering\MatrixArrayParameterDX11.h
         Rendering\MatrixArrayParameterWriterDX11.h
         Rendering\MatrixParameterDX11.h
         Rendering\MatrixParameterWriterDX11.h
         Rendering\MeshMTL.h
         Rendering\MeshOBJ.h
         Rendering\MeshSTL.h
         Rendering\ms3dspec.h
         Rendering\MultiExecutorDX11.h
         Rendering\OutputMergerStageDX11.h
         Rendering\OutputMergerStageStateDX11.h
         Rendering\ParameterContainer.h
         Rendering\ParameterManagerDX11.h
         Rendering\ParameterWriter.h
         Rendering\PipelineExecutorDX11.h
         Rendering\PipelineManagerDX11.h
         Rendering\PixelShaderDX11.h
         Rendering\PixelStageDX11.h
         Rendering\RasterizerStageDX11.h
         Rendering\RasterizerStageStateDX11.h
         Rendering\RasterizerStateConfigDX11.h
         Rendering\Renderable.h
         Rendering\RenderEffectDX11.h
         Rendering\RendererDX11.h
         Rendering\RenderParameterDX11.h
         Rendering\RenderTargetViewConfigDX11.h
         Rendering\RenderTargetViewDX11.h
         Rendering\ResourceDX11.h
         Rendering\ResourceManagerDX11.h
         Rendering\ResourceProxyDX11.h
         Rendering\ResourceViewDX11.h
         Rendering\SamplerParameterDX11.h
         Rendering\SamplerParameterWriterDX11.h
         Rendering\SamplerStateConfigDX11.h
         Rendering\SceneRenderTask.h
         Rendering\ShaderDX11.h
         Rendering\ShaderFactoryDX11.h
         Rendering\ShaderReflectionDX11.h
         Rendering\ShaderReflectionFactoryDX11.h
         Rendering\ShaderResourceParameterDX11.h
         Rendering\ShaderResourceParameterWriterDX11.h
         Rendering\ShaderResourceViewConfigDX11.h
         Rendering\ShaderResourceViewDX11.h
         Rendering\ShaderStageDX11.h
         Rendering\ShaderStageStateDX11.h
         Rendering\SphereAttributes.h
         Rendering\SpriteFontDX11.h
         Rendering\SpriteFontLoaderDX11.h
         Rendering\SpriteRendererDX11.h
         Rendering\SpriteVertexDX11.h
         Rendering\StreamOutputStageDX11.h
         Rendering\StreamOutputStageStateDX11.h
         Rendering\StructuredBufferDX11.h
         Rendering\SwapChainConfigDX11.h
         Rendering\SwapChainDX11.h
         Rendering\Task.h
         Rendering\Texture1dConfigDX11.h
         Rendering\Texture1dDX11.h
         Rendering\Texture2dConfigDX11.h
         Rendering\Texture2dDX11.h
         Rendering\Texture3dConfigDX11.h
         Rendering\Texture3dDX11.h
         Rendering\TexturedVertex.h
         Rendering\TGrowableBufferDX11.h
         Rendering\TGrowableIndexBufferDX11.h
         Rendering\TGrowableStructuredBufferDX11.h
         Rendering\TGrowableVertexBufferDX11.h
         Rendering\TStateArrayMonitor.h
         Rendering\TStateMonitor.h
         Rendering\UnorderedAccessParameterDX11.h
         Rendering\UnorderedAccessParameterWriterDX11.h
         Rendering\UnorderedAccessViewConfigDX11.h
         Rendering\UnorderedAccessViewDX11.h
         Rendering\VectorParameterDX11.h
         Rendering\VectorParameterWriterDX11.h
         Rendering\VertexBufferDX11.h
         Rendering\VertexElementDX11.h
         Rendering\VertexEvaluator2f.h
         Rendering\VertexShaderDX11.h
         Rendering\VertexStageDX11.h
         Rendering\ViewAmbientOcclusion.h
         Rendering\ViewDepthNormal.h
         Rendering\ViewLinearDepthNormals.h
         Rendering\ViewOcclusion.h
         Rendering\ViewPerspective.h
         Rendering\ViewPortDX11.h
         Rendering\ViewTextOverlay.h
         Rendering\VisualizerVertexDX11.h
         Rendering\VolumeTextureVertexDX11.h
               133 file(s) copied.
         Rendering\DrawExecutorDX11.inl
         Rendering\DrawIndexedExecutorDX11.inl
         Rendering\DrawIndexedInstancedExecutorDX11.inl
         Rendering\TGrowableBufferDX11.inl
         Rendering\TGrowableIndexBufferDX11.inl
         Rendering\TGrowableStructuredBufferDX11.inl
         Rendering\TGrowableVertexBufferDX11.inl
         Rendering\TStateArrayMonitor.inl
         Rendering\TStateMonitor.inl
                 9 file(s) copied.
         Geometry\Box3f.h
         Geometry\CompositeShape.h
         Geometry\Cone3f.h
         Geometry\Frustum3f.h
         Geometry\LineIndices.h
         Geometry\Plane3f.h
         Geometry\PointIndices.h
         Geometry\Ray3f.h
         Geometry\Shape3D.h
         Geometry\Sphere3f.h
         Geometry\Triangle3f.h
         Geometry\TriangleIndices.h
                12 file(s) copied.
         Intersection\Intersector.h
         Intersection\IntrRay3fBox3f.h
         Intersection\IntrRay3fSphere3f.h
                 3 file(s) copied.
         Objects\Actor.h
         Objects\ActorGenerator.h
         Objects\BoundsVisualizerActor.h
         Objects\Camera.h
         Objects\ConsoleActor.h
         Objects\Entity3D.h
         Objects\FirstPersonCamera.h
         Objects\FullscreenActor.h
         Objects\GeometryActor.h
         Objects\GlyphletActor.h
         Objects\IController.h
         Objects\Light.h
         Objects\Node3D.h
         Objects\ObjectSpaceCameraPositionWriter.h
         Objects\PickRecord.h
         Objects\PointLight.h
         Objects\PositionExtractorController.h
         Objects\RotationController.h
         Objects\ScaleSetpointController.h
         Objects\Scene.h
         Objects\SceneGraph.h
         Objects\SetpointController.h
         Objects\SkinnedActor.h
         Objects\SkinnedBoneController.h
         Objects\SkyboxActor.h
         Objects\SpatialController.h
         Objects\TextActor.h
         Objects\TextureActor.h
         Objects\TextureSpaceCameraPositionWriter.h
         Objects\TextureSpaceLightPositionWriter.h
         Objects\Transform3D.h
         Objects\VolumeActor.h
                32 file(s) copied.
         Objects\IController.inl
         Objects\PositionExtractorController.inl
         Objects\RotationController.inl
         Objects\ScaleSetpointController.inl
         Objects\SetpointController.inl
         Objects\SkinnedBoneController.inl
         Objects\SpatialController.inl
                 7 file(s) copied.
         Animation\Animation.h
         Animation\AnimationStream.h
                 2 file(s) copied.
         Animation\AnimationStream.inl
                 1 file(s) copied.
         "Hieroglyph3: Copying x86 version of D3DCompile*.dll to output bin folder."
         C:\Program Files (x86)\Windows Kits\8.1\redist\d3d\x86\d3dcompiler_47.dll
                 1 file(s) copied.
     1>Done Building Project "C:\Users\xwang\Documents\GitHub\DX11_tutorials_with_hieroglyph3\Hieroglyph3\Source\Hieroglyph3_Desktop.vcxproj" (Build target(s)).

Build succeeded.

Time Elapsed 00:00:30.25
